<?xml version="1.0" encoding="UTF-8"?>
<testsuite xmlns:xsi="http://www.w3.org/2001/XMLSchema-instance" xsi:noNamespaceSchemaLocation="https://maven.apache.org/surefire/maven-surefire-plugin/xsd/surefire-test-report.xsd" version="3.0.2" name="com.example.cotacao.CotacaoApplicationTests" time="1.601" tests="1" errors="0" skipped="0" failures="0" flakes="0">
  <properties>
[...]
</properties>
  <testcase name="contextLoads" classname="com.example.cotacao.CotacaoApplicationTests" time="0.426">
    <system-out><![CDATA[14:27:40.704 [main] INFO org.springframework.test.context.support.AnnotationConfigContextLoaderUtils -- Could not detect default configuration classes for test class [com.example.cotacao.CotacaoApplicationTests]: CotacaoApplicationTests does not declare any static, non-private, non-final, nested classes annotated with @Configuration.
14:27:40.771 [main] INFO org.springframework.boot.test.context.SpringBootTestContextBootstrapper -- Found @SpringBootConfiguration com.example.cotacao.CotacaoApplication for test class com.example.cotacao.CotacaoApplicationTests
14:27:40.853 [main] INFO org.springframework.test.context.support.AnnotationConfigContextLoaderUtils -- Could not detect default configuration classes for test class [com.example.cotacao.CotacaoApplicationTests]: CotacaoApplicationTests does not declare any static, non-private, non-final, nested classes annotated with @Configuration.
14:27:40.854 [main] INFO org.springframework.boot.test.context.SpringBootTestContextBootstrapper -- Found @SpringBootConfiguration com.example.cotacao.CotacaoApplication for test class com.example.cotacao.CotacaoApplicationTests

  .   ____          _            __ _ _
 /\\ / ___'_ __ _ _(_)_ __  __ _ \ \ \ \
( ( )\___ | '_ | '_| | '_ \/ _` | \ \ \ \
 \\/  ___)| |_)| | | | | || (_| |  ) ) ) )
  '  |____| .__|_| |_|_| |_\__, | / / / /
 =========|_|==============|___/=/_/_/_/

 :: Spring Boot ::                (v4.0.6)

2026-05-23T14:27:41.070-03:00  INFO 27076 --- [cotacao] [           main] c.e.cotacao.CotacaoApplicationTests      : Starting CotacaoApplicationTests using Java 20 with PID 27076 (started by Aluno in C:\Users\Aluno\Desktop\cotacao)
2026-05-23T14:27:41.071-03:00  INFO 27076 --- [cotacao] [           main] c.e.cotacao.CotacaoApplicationTests      : No active profile set, falling back to 1 default profile: "default"
2026-05-23T14:27:41.521-03:00  INFO 27076 --- [cotacao] [           main] o.s.b.w.a.WelcomePageHandlerMapping      : Adding welcome page template: index
2026-05-23T14:27:41.704-03:00  INFO 27076 --- [cotacao] [           main] c.e.cotacao.CotacaoApplicationTests      : Started CotacaoApplicationTests in 0.817 seconds (process running for 1.517)
]]></system-out>
  </testcase>
</testsuite>